<?xml version="1.0" encoding="UTF-8" standalone="yes"?><!DOCTYPE report PUBLIC "-//JACOCO//DTD Report 1.1//EN" "report.dtd"><report name="org.f5.AEM.junit.POC"><sessioninfo id="HYD-L-00062414-b5792eea" start="1559016442572" dump="1559016443033"/><package name="junitDevCode"><class name="junitDevCode/JunitMathCode" sourcefilename="JunitMathCode.java"><method name="&lt;init&gt;" desc="()V" line="3"><counter type="INSTRUCTION" missed="0" covered="3"/><counter type="LINE" missed="0" covered="1"/><counter type="COMPLEXITY" missed="0" covered="1"/><counter type="METHOD" missed="0" covered="1"/></method><method name="getAbsVal" desc="(I)I" line="7"><counter type="INSTRUCTION" missed="0" covered="8"/><counter type="BRANCH" missed="0" covered="2"/><counter type="LINE" missed="0" covered="3"/><counter type="COMPLEXITY" missed="0" covered="2"/><counter type="METHOD" missed="0" covered="1"/></method><counter type="INSTRUCTION" missed="0" covered="11"/><counter type="BRANCH" missed="0" covered="2"/><counter type="LINE" missed="0" covered="4"/><counter type="COMPLEXITY" missed="0" covered="3"/><counter type="METHOD" missed="0" covered="2"/><counter type="CLASS" missed="0" covered="1"/></class><sourcefile name="JunitMathCode.java"><line nr="3" mi="0" ci="3" mb="0" cb="0"/><line nr="7" mi="0" ci="2" mb="0" cb="2"/><line nr="8" mi="0" ci="4" mb="0" cb="0"/><line nr="10" mi="0" ci="2" mb="0" cb="0"/><counter type="INSTRUCTION" missed="0" covered="11"/><counter type="BRANCH" missed="0" covered="2"/><counter type="LINE" missed="0" covered="4"/><counter type="COMPLEXITY" missed="0" covered="3"/><counter type="METHOD" missed="0" covered="2"/><counter type="CLASS" missed="0" covered="1"/></sourcefile><counter type="INSTRUCTION" missed="0" covered="11"/><counter type="BRANCH" missed="0" covered="2"/><counter type="LINE" missed="0" covered="4"/><counter type="COMPLEXITY" missed="0" covered="3"/><counter type="METHOD" missed="0" covered="2"/><counter type="CLASS" missed="0" covered="1"/></package><counter type="INSTRUCTION" missed="0" covered="11"/><counter type="BRANCH" missed="0" covered="2"/><counter type="LINE" missed="0" covered="4"/><counter type="COMPLEXITY" missed="0" covered="3"/><counter type="METHOD" missed="0" covered="2"/><counter type="CLASS" missed="0" covered="1"/></report>